nohup: ignoring input

> reachinbox-onebox@0.1.0 dev
> nodemon --exec ts-node src/index.ts

[33m[nodemon] 3.1.10[39m
[33m[nodemon] to restart at any time, enter `rs`[39m
[33m[nodemon] watching path(s): *.*[39m
[33m[nodemon] watching extensions: ts,json[39m
[32m[nodemon] starting `ts-node src/index.ts`[39m
node:events:502
      throw er; // Unhandled 'error' event
      ^

Error: EBADF: bad file descriptor, read
Emitted 'error' event on ReadStream instance at:
    at emitErrorNT (node:internal/streams/destroy:169:8)
    at errorOrDestroy (node:internal/streams/destroy:238:7)
    at node:internal/fs/streams:272:9
    at FSReqCallback.wrapper [as oncomplete] (node:fs:683:5) {
  errno: -9,
  code: 'EBADF',
  syscall: 'read'
}

Node.js v20.19.4
2025-10-20T13:12:28.041Z [warn] Elasticsearch not available, using in-memory store: 
2025-10-20T13:12:28.042Z [info] No IMAP accounts configured (set IMAP1_HOST, IMAP1_USER, IMAP1_PASS in .env to enable)
API listening on http://localhost:3000
 AI Suggested Reply: Thank you for your interest in our product. We would be happy to schedule a demo to discuss the AI features. Please let us know your availability this week.
 AI Suggested Reply: Subject: Re: Your interest in our product

Thank you for your interest in our product and AI features.

You can schedule a demo call here: https://calendly.example/meet

We look forward to connecting with you.
 AI Suggested Reply: Thank you for your interest.
 Indexed "Interested in ReachInbox - Demo Request"  Meeting Booked
 Indexed "Meeting Confirmed for Tomorrow"  Meeting Booked
 Indexed "Not interested at this time"  Not Interested
 Indexed "Out of Office - Returning Next Week"  Out of Office
 Indexed "RE: Product Inquiry - Very Interested!"  Interested
 AI Suggested Reply: Thank you for your interest in ReachInbox. We would be happy to schedule a demo to discuss our AI features.

You can book a time that works for you here: https://calendly.example/meet
 AI Suggested Reply: Subject: Re: Interested in ReachInbox - Demo Request

Dear [Sender Name],

Thank you for your interest in ReachInbox and our AI features.

We would be happy to schedule a demo call. Please book a time that works for you here: https://calendly.example/meet

Sincerely,

[Your Name]
 AI Suggested Reply: Subject: Re: Interested in ReachInbox - Demo Request

Hi,

Thank you for your interest in ReachInbox. We would be happy to schedule a demo to discuss our AI features.

You can book a time that works for you here: https://calendly.example/meet

Best regards,
 AI Suggested Reply: Subject: Re: Interested in ReachInbox - Demo Request

Hi,

Thank you for your interest in ReachInbox.

You can schedule a demo call here: https://calendly.example/meet

We look forward to speaking with you.
 AI Suggested Reply: Thank you for your interest in ReachInbox and our AI features. We will be in touch shortly to schedule your demo call.
 AI Suggested Reply: Thanks for your interest in ReachInbox! We'd be happy to schedule a demo to discuss our AI features. Please use this link to schedule a time: https://calendly.example/meet
 AI Suggested Reply: Subject: Re: Interested in ReachInbox - Demo Request

Hi,

Thank you for your interest in ReachInbox. We'd be happy to schedule a demo to discuss our AI features.

You can book a time that suits you here: https://calendly.example/meet

Best regards,
 AI Suggested Reply: Subject: Re: Interested in ReachInbox - Demo Request

Hi,

Thank you for your interest in ReachInbox and our AI features.

You can schedule a demo at your convenience here: https://calendly.example/meet

Best regards,
 AI Suggested Reply: Subject: RE: Product Inquiry - Very Interested!

Hello,

Thank you for your inquiry regarding our solution.

Regarding your questions about getting started and pricing information, I am unable to provide these details based on the current context.

Best regards,
 AI Suggested Reply: Subject: Re: Product Inquiry - Very Interested!

Thank you for your inquiry. We are glad to hear our solution looks perfect for your team.
 AI Suggested Reply: Thanks for confirming. I look forward to our discussion tomorrow.
 AI Suggested Reply: Thank you for your interest. Pricing information and details on how to get started will follow.
 AI Suggested Reply: Acknowledged. Looking forward to it.
